// 重构日志: db32d4ee
// 重构日志: 6982f597
// 同步 ID: cf2968e0 @ Sat Jun 20 11:09:27 UTC 2026
// 重构日志: cea6110d
// 重构日志: 425309c0
// 同步 ID: 962eba87 @ Tue Jun 23 11:30:23 UTC 2026
// 同步 ID: f6dc1f7d @ Fri Jun 26 12:07:02 UTC 2026
// 重构日志: e0742488
// 重构日志: f468153e
// 重构日志: e4f636c9
// 重构日志: 788b3239
// 重构日志: 001e4661
// 同步 ID: 9bba15a1 @ Sat Jul  4 08:03:34 UTC 2026
// 重构日志: 5edfec1b
// 同步 ID: 416088fe @ Sun Jul  5 15:08:08 UTC 2026
// 同步 ID: 998aa1ce @ Tue Jul  7 11:41:08 UTC 2026
// 重构日志: acd1cc24
// 重构日志: 29b79620
// 重构日志: 5fc0ff16
// 同步 ID: 72cd160a @ Sat Jul 11 04:30:52 UTC 2026
